[Sun Sep 20 18:40:08.614676 2020] [mpm_winnt:notice] [pid 20716:tid 744] AH00455: Apache/2.4.25 (Win32) PHP/5.6.30 configured -- resuming normal operations
[Sun Sep 20 18:40:08.614676 2020] [mpm_winnt:notice] [pid 20716:tid 744] AH00456: Apache Lounge VC11 Server built: Dec 20 2016 13:02:04
[Sun Sep 20 18:40:08.614676 2020] [core:notice] [pid 20716:tid 744] AH00094: Command line: 'mapache.exe -d C:/App/DokuWiki/DokuWikiStick/server'
[Sun Sep 20 18:40:08.638578 2020] [mpm_winnt:notice] [pid 20716:tid 744] AH00418: Parent: Created child process 25992
[Sun Sep 20 18:40:09.564440 2020] [mpm_winnt:notice] [pid 25992:tid 696] AH00354: Child: Starting 64 worker threads.
[Sun Sep 20 18:40:09.834720 2020] [authz_core:error] [pid 25992:tid 1260] [client 127.0.0.1:51317] AH01630: client denied by server configuration: C:/App/DokuWiki/DokuWikiStick/dokuwiki/data/dont-panic-if-you-see-this-in-your-logs-it-means-your-directory-permissions-are-correct.png, referer: http://localhost:8800/install.php
[Sun Sep 20 18:41:40.350784 2020] [authz_core:error] [pid 25992:tid 1268] [client 127.0.0.1:51375] AH01630: client denied by server configuration: C:/App/DokuWiki/DokuWikiStick/dokuwiki/data/dont-panic-if-you-see-this-in-your-logs-it-means-your-directory-permissions-are-correct.png, referer: http://localhost:8800/install.php
[Mon Sep 21 07:51:31.528391 2020] [mpm_winnt:crit] [pid 25992:tid 696] AH02538: Child: Parent process exited abruptly. Child process is ending
[Mon Sep 21 07:51:31.528391 2020] [mpm_winnt:warn] [pid 25992:tid 2164] (OS 995)Der E/A-Vorgang wurde wegen eines Threadendes oder einer Anwendungsanforderung abgebrochen.  : AH00341: winnt_accept: Asynchronous AcceptEx failed.
[Mon Sep 21 07:51:31.528391 2020] [mpm_winnt:warn] [pid 25992:tid 4] (OS 995)Der E/A-Vorgang wurde wegen eines Threadendes oder einer Anwendungsanforderung abgebrochen.  : AH00341: winnt_accept: Asynchronous AcceptEx failed.
[Fri Sep 25 16:01:22.390171 2020] [core:warn] [pid 980:tid 812] AH00098: pid file C:/App/DokuWiki/DokuWikiStick/server/logs/httpd.pid overwritten -- Unclean shutdown of previous Apache run?
[Fri Sep 25 16:01:23.401486 2020] [mpm_winnt:notice] [pid 980:tid 812] AH00455: Apache/2.4.25 (Win32) PHP/5.6.30 configured -- resuming normal operations
[Fri Sep 25 16:01:23.401486 2020] [mpm_winnt:notice] [pid 980:tid 812] AH00456: Apache Lounge VC11 Server built: Dec 20 2016 13:02:04
[Fri Sep 25 16:01:23.401486 2020] [core:notice] [pid 980:tid 812] AH00094: Command line: 'mapache.exe -d C:/App/DokuWiki/DokuWikiStick/server'
[Fri Sep 25 16:01:23.426326 2020] [mpm_winnt:notice] [pid 980:tid 812] AH00418: Parent: Created child process 12572
Apache server shutdown initiated...
pm_winnt:notice] [pid 12572:tid 736] AH00354: Child: Starting 64 worker threads.
[Mon Sep 28 09:32:07.241785 2020] [mpm_winnt:notice] [pid 980:tid 812] AH00422: Parent: Received shutdown signal -- Shutting down the server.
[Mon Sep 28 09:32:09.248295 2020] [mpm_winnt:notice] [pid 12572:tid 736] AH00364: Child: All worker threads have exited.
[Mon Sep 28 09:32:09.345857 2020] [mpm_winnt:notice] [pid 980:tid 812] AH00430: Parent: Child process 12572 exited successfully.
[Wed Sep 30 18:40:19.378625 2020] [mpm_winnt:notice] [pid 15340:tid 776] AH00455: Apache/2.4.25 (Win32) PHP/5.6.30 configured -- resuming normal operations
[Wed Sep 30 18:40:19.387076 2020] [mpm_winnt:notice] [pid 15340:tid 776] AH00456: Apache Lounge VC11 Server built: Dec 20 2016 13:02:04
[Wed Sep 30 18:40:19.387076 2020] [core:notice] [pid 15340:tid 776] AH00094: Command line: 'mapache.exe -d C:/App/DokuWiki/DokuWikiStick/server'
[Wed Sep 30 18:40:19.419195 2020] [mpm_winnt:notice] [pid 15340:tid 776] AH00418: Parent: Created child process 7236
[Wed Sep 30 18:40:21.272838 2020] [mpm_winnt:notice] [pid 7236:tid 692] AH00354: Child: Starting 64 worker threads.
[Sun Oct 04 17:41:14.328250 2020] [core:warn] [pid 2304:tid 604] AH00098: pid file C:/workspace/SNES/SNES-Emulator/doku/DokuWikiStick/server/logs/httpd.pid overwritten -- Unclean shutdown of previous Apache run?
[Sun Oct 04 17:41:14.650642 2020] [mpm_winnt:notice] [pid 2304:tid 604] AH00455: Apache/2.4.25 (Win32) PHP/5.6.30 configured -- resuming normal operations
[Sun Oct 04 17:41:14.650642 2020] [mpm_winnt:notice] [pid 2304:tid 604] AH00456: Apache Lounge VC11 Server built: Dec 20 2016 13:02:04
[Sun Oct 04 17:41:14.650642 2020] [core:notice] [pid 2304:tid 604] AH00094: Command line: 'mapache.exe -d C:/workspace/SNES/SNES-Emulator/doku/DokuWikiStick/server'
[Sun Oct 04 17:41:14.654641 2020] [mpm_winnt:notice] [pid 2304:tid 604] AH00418: Parent: Created child process 14276
[Sun Oct 04 17:41:15.448318 2020] [mpm_winnt:notice] [pid 14276:tid 676] AH00354: Child: Starting 64 worker threads.
[Fri Oct 09 20:14:10.117779 2020] [core:warn] [pid 1844:tid 636] AH00098: pid file C:/workspace/SNES/SNES-Emulator/doku/DokuWikiStick/server/logs/httpd.pid overwritten -- Unclean shutdown of previous Apache run?
[Fri Oct 09 20:14:10.799313 2020] [mpm_winnt:notice] [pid 1844:tid 636] AH00455: Apache/2.4.25 (Win32) PHP/5.6.30 configured -- resuming normal operations
[Fri Oct 09 20:14:10.799313 2020] [mpm_winnt:notice] [pid 1844:tid 636] AH00456: Apache Lounge VC11 Server built: Dec 20 2016 13:02:04
[Fri Oct 09 20:14:10.799313 2020] [core:notice] [pid 1844:tid 636] AH00094: Command line: 'mapache.exe -d C:/workspace/SNES/SNES-Emulator/doku/DokuWikiStick/server'
[Fri Oct 09 20:14:10.804298 2020] [mpm_winnt:notice] [pid 1844:tid 636] AH00418: Parent: Created child process 5144
[Fri Oct 09 20:14:11.651185 2020] [mpm_winnt:notice] [pid 5144:tid 616] AH00354: Child: Starting 64 worker threads.
